<?xml version="1.0" encoding="UTF-8"?>
<!-- Generated by org.testng.reporters.JUnitReportReporter -->
<testsuite hostname="NODE153" name="com.project.selenium.SeleniumDemoTest" tests="1" failures="0" timestamp="12 Oct 2016 10:22:39 GMT" time="23.795" errors="0">
  <testcase name="testMacys" time="23.795" classname="com.project.selenium.SeleniumDemoTest"/>
</testsuite> <!-- com.project.selenium.SeleniumDemoTest -->
