<?xml version="1.0" encoding="UTF-8"?>
<!-- Generated by org.testng.reporters.JUnitReportReporter -->
<testsuite hostname="NODE153" name="com.project.selenium.IrctcAssertionTest" tests="2" failures="0" timestamp="19 Oct 2016 07:35:34 GMT" time="152.731" errors="0">
  <testcase name="testScreenShotIrctc2" time="75.594" classname="com.project.selenium.IrctcAssertionTest"/>
  <testcase name="testScreenShotIrctc" time="77.137" classname="com.project.selenium.IrctcAssertionTest"/>
</testsuite> <!-- com.project.selenium.IrctcAssertionTest -->
