<?xml version="1.0" encoding="UTF-8"?>
<!-- Generated by org.testng.reporters.JUnitReportReporter -->
<testsuite hostname="NODE153" name="com.project.selenium.ScreenShotTest" tests="1" failures="0" timestamp="19 Oct 2016 04:41:14 GMT" time="44.223" errors="0">
  <testcase name="testScreenShotIrctc" time="44.223" classname="com.project.selenium.ScreenShotTest"/>
</testsuite> <!-- com.project.selenium.ScreenShotTest -->
