<?xml version="1.0" encoding="UTF-8"?>
<!-- Generated by org.testng.reporters.JUnitReportReporter -->
<testsuite hostname="NODE153" name="com.project.selenium.CountAllLinksTest" tests="1" failures="0" timestamp="15 Oct 2016 14:19:32 GMT" time="22.901" errors="0">
  <testcase name="testLinkCount" time="22.901" classname="com.project.selenium.CountAllLinksTest"/>
</testsuite> <!-- com.project.selenium.CountAllLinksTest -->
