<?xml version="1.0" encoding="UTF-8"?>
<!-- Generated by org.testng.reporters.JUnitReportReporter -->
<testsuite hostname="NODE153" name="com.project.selenium.AutomateGmail" tests="1" failures="0" timestamp="18 Oct 2016 06:30:34 GMT" time="54.909" errors="0">
  <testcase name="testGmailLogin" time="54.909" classname="com.project.selenium.AutomateGmail"/>
</testsuite> <!-- com.project.selenium.AutomateGmail -->
