<?xml version="1.0" encoding="UTF-8"?>
<!-- Generated by org.testng.reporters.JUnitReportReporter -->
<testsuite hostname="NODE153" name="com.project.selenium.MakeMyTripTest" tests="1" failures="0" timestamp="13 Oct 2016 08:35:29 GMT" time="11.824" errors="0">
  <testcase name="testScreenShot" time="11.824" classname="com.project.selenium.MakeMyTripTest"/>
</testsuite> <!-- com.project.selenium.MakeMyTripTest -->
